# JRE version: Java(TM) SE Runtime Environment (8.0_161-b12) (build 1.8.0_161-b12)
# Java VM: Java HotSpot(TM) 64-Bit Server VM (25.161-b12 mixed mode windows-amd64 compressed oops)
Heap:
 PSYoungGen      total 38400K, used 22665K [0x00000000eab00000, 0x00000000ed580000, 0x0000000100000000)
  eden space 33280K, 57% used [0x00000000eab00000,0x00000000ebdd2548,0x00000000ecb80000)
  from space 5120K, 66% used [0x00000000ed080000,0x00000000ed3d0000,0x00000000ed580000)
  to   space 5120K, 0% used [0x00000000ecb80000,0x00000000ecb80000,0x00000000ed080000)
 ParOldGen       total 87552K, used 67840K [0x00000000c0000000, 0x00000000c5580000, 0x00000000eab00000)
  object space 87552K, 77% used [0x00000000c0000000,0x00000000c4240248,0x00000000c5580000)
 Metaspace       used 12404K, capacity 12956K, committed 13056K, reserved 1060864K
  class space    used 1882K, capacity 1977K, committed 2048K, reserved 1048576K
GC Heap History (10 events):
Event: 14.606 GC heap before
{Heap before GC invocations=9 (full 0):
 PSYoungGen      total 38400K, used 38394K [0x00000000eab00000, 0x00000000ed580000, 0x0000000100000000)
  eden space 33280K, 100% used [0x00000000eab00000,0x00000000ecb80000,0x00000000ecb80000)
  from space 5120K, 99% used [0x00000000ed080000,0x00000000ed57e900,0x00000000ed580000)
  to   space 5120K, 0% used [0x00000000ecb80000,0x00000000ecb80000,0x00000000ed080000)
 ParOldGen       total 87552K, used 36790K [0x00000000c0000000, 0x00000000c5580000, 0x00000000eab00000)
  object space 87552K, 42% used [0x00000000c0000000,0x00000000c23ed840,0x00000000c5580000)
 Metaspace       used 11461K, capacity 11998K, committed 12160K, reserved 1058816K
  class space    used 1746K, capacity 1872K, committed 1920K, reserved 1048576K
Event: 14.615 GC heap after
Heap after GC invocations=9 (full 0):
 PSYoungGen      total 38400K, used 5114K [0x00000000eab00000, 0x00000000ed580000, 0x0000000100000000)
  eden space 33280K, 0% used [0x00000000eab00000,0x00000000eab00000,0x00000000ecb80000)
  from space 5120K, 99% used [0x00000000ecb80000,0x00000000ed07e8f0,0x00000000ed080000)
  to   space 5120K, 0% used [0x00000000ed080000,0x00000000ed080000,0x00000000ed580000)
 ParOldGen       total 87552K, used 44225K [0x00000000c0000000, 0x00000000c5580000, 0x00000000eab00000)
  object space 87552K, 50% used [0x00000000c0000000,0x00000000c2b306d8,0x00000000c5580000)
 Metaspace       used 11461K, capacity 11998K, committed 12160K, reserved 1058816K
  class space    used 1746K, capacity 1872K, committed 1920K, reserved 1048576K
}
Event: 14.896 GC heap before
{Heap before GC invocations=10 (full 0):
 PSYoungGen      total 38400K, used 38394K [0x00000000eab00000, 0x00000000ed580000, 0x0000000100000000)
  eden space 33280K, 100% used [0x00000000eab00000,0x00000000ecb80000,0x00000000ecb80000)
  from space 5120K, 99% used [0x00000000ecb80000,0x00000000ed07e8f0,0x00000000ed080000)
  to   space 5120K, 0% used [0x00000000ed080000,0x00000000ed080000,0x00000000ed580000)
 ParOldGen       total 87552K, used 44225K [0x00000000c0000000, 0x00000000c5580000, 0x00000000eab00000)
  object space 87552K, 50% used [0x00000000c0000000,0x00000000c2b306d8,0x00000000c5580000)
 Metaspace       used 12294K, capacity 12852K, committed 13056K, reserved 1060864K
  class space    used 1842K, capacity 1942K, committed 2048K, reserved 1048576K
Event: 14.903 GC heap after
Heap after GC invocations=10 (full 0):
 PSYoungGen      total 38400K, used 5088K [0x00000000eab00000, 0x00000000ed580000, 0x0000000100000000)
  eden space 33280K, 0% used [0x00000000eab00000,0x00000000eab00000,0x00000000ecb80000)
  from space 5120K, 99% used [0x00000000ed080000,0x00000000ed578028,0x00000000ed580000)
  to   space 5120K, 0% used [0x00000000ecb80000,0x00000000ecb80000,0x00000000ed080000)
 ParOldGen       total 87552K, used 49816K [0x00000000c0000000, 0x00000000c5580000, 0x00000000eab00000)
  object space 87552K, 56% used [0x00000000c0000000,0x00000000c30a63f8,0x00000000c5580000)
 Metaspace       used 12294K, capacity 12852K, committed 13056K, reserved 1060864K
  class space    used 1842K, capacity 1942K, committed 2048K, reserved 1048576K
}
Event: 14.935 GC heap before
{Heap before GC invocations=11 (full 0):
 PSYoungGen      total 38400K, used 38368K [0x00000000eab00000, 0x00000000ed580000, 0x0000000100000000)
  eden space 33280K, 100% used [0x00000000eab00000,0x00000000ecb80000,0x00000000ecb80000)
  from space 5120K, 99% used [0x00000000ed080000,0x00000000ed578028,0x00000000ed580000)
  to   space 5120K, 0% used [0x00000000ecb80000,0x00000000ecb80000,0x00000000ed080000)
 ParOldGen       total 87552K, used 49816K [0x00000000c0000000, 0x00000000c5580000, 0x00000000eab00000)
  object space 87552K, 56% used [0x00000000c0000000,0x00000000c30a63f8,0x00000000c5580000)
 Metaspace       used 12302K, capacity 12852K, committed 13056K, reserved 1060864K
  class space    used 1842K, capacity 1942K, committed 2048K, reserved 1048576K
Event: 14.943 GC heap after
Heap after GC invocations=11 (full 0):
 PSYoungGen      total 38400K, used 4576K [0x00000000eab00000, 0x00000000ed580000, 0x0000000100000000)
  eden space 33280K, 0% used [0x00000000eab00000,0x00000000eab00000,0x00000000ecb80000)
  from space 5120K, 89% used [0x00000000ecb80000,0x00000000ecff8000,0x00000000ed080000)
  to   space 5120K, 0% used [0x00000000ed080000,0x00000000ed080000,0x00000000ed580000)
 ParOldGen       total 87552K, used 54824K [0x00000000c0000000, 0x00000000c5580000, 0x00000000eab00000)
  object space 87552K, 62% used [0x00000000c0000000,0x00000000c358a248,0x00000000c5580000)
 Metaspace       used 12302K, capacity 12852K, committed 13056K, reserved 1060864K
  class space    used 1842K, capacity 1942K, committed 2048K, reserved 1048576K
}
Event: 14.974 GC heap before
{Heap before GC invocations=12 (full 0):
 PSYoungGen      total 38400K, used 37856K [0x00000000eab00000, 0x00000000ed580000, 0x0000000100000000)
  eden space 33280K, 100% used [0x00000000eab00000,0x00000000ecb80000,0x00000000ecb80000)
  from space 5120K, 89% used [0x00000000ecb80000,0x00000000ecff8000,0x00000000ed080000)
  to   space 5120K, 0% used [0x00000000ed080000,0x00000000ed080000,0x00000000ed580000)
 ParOldGen       total 87552K, used 54824K [0x00000000c0000000, 0x00000000c5580000, 0x00000000eab00000)
  object space 87552K, 62% used [0x00000000c0000000,0x00000000c358a248,0x00000000c5580000)
 Metaspace       used 12302K, capacity 12852K, committed 13056K, reserved 1060864K
  class space    used 1842K, capacity 1942K, committed 2048K, reserved 1048576K
Event: 14.981 GC heap after
Heap after GC invocations=12 (full 0):
 PSYoungGen      total 38400K, used 4736K [0x00000000eab00000, 0x00000000ed580000, 0x0000000100000000)
  eden space 33280K, 0% used [0x00000000eab00000,0x00000000eab00000,0x00000000ecb80000)
  from space 5120K, 92% used [0x00000000ed080000,0x00000000ed520000,0x00000000ed580000)
  to   space 5120K, 0% used [0x00000000ecb80000,0x00000000ecb80000,0x00000000ed080000)
 ParOldGen       total 87552K, used 58968K [0x00000000c0000000, 0x00000000c5580000, 0x00000000eab00000)
  object space 87552K, 67% used [0x00000000c0000000,0x00000000c3996248,0x00000000c5580000)
 Metaspace       used 12302K, capacity 12852K, committed 13056K, reserved 1060864K
  class space    used 1842K, capacity 1942K, committed 2048K, reserved 1048576K
}
Event: 15.017 GC heap before
{Heap before GC invocations=13 (full 0):
 PSYoungGen      total 38400K, used 38016K [0x00000000eab00000, 0x00000000ed580000, 0x0000000100000000)
  eden space 33280K, 100% used [0x00000000eab00000,0x00000000ecb80000,0x00000000ecb80000)
  from space 5120K, 92% used [0x00000000ed080000,0x00000000ed520000,0x00000000ed580000)
  to   space 5120K, 0% used [0x00000000ecb80000,0x00000000ecb80000,0x00000000ed080000)
 ParOldGen       total 87552K, used 58968K [0x00000000c0000000, 0x00000000c5580000, 0x00000000eab00000)
  object space 87552K, 67% used [0x00000000c0000000,0x00000000c3996248,0x00000000c5580000)
 Metaspace       used 12379K, capacity 12948K, committed 13056K, reserved 1060864K
  class space    used 1879K, capacity 1974K, committed 2048K, reserved 1048576K
Event: 15.026 GC heap after
Heap after GC invocations=13 (full 0):
 PSYoungGen      total 38400K, used 4832K [0x00000000eab00000, 0x00000000ed580000, 0x0000000100000000)
  eden space 33280K, 0% used [0x00000000eab00000,0x00000000eab00000,0x00000000ecb80000)
  from space 5120K, 94% used [0x00000000ecb80000,0x00000000ed038000,0x00000000ed080000)
  to   space 5120K, 0% used [0x00000000ed080000,0x00000000ed080000,0x00000000ed580000)
 ParOldGen       total 87552K, used 63112K [0x00000000c0000000, 0x00000000c5580000, 0x00000000eab00000)
  object space 87552K, 72% used [0x00000000c0000000,0x00000000c3da2248,0x00000000c5580000)
 Metaspace       used 12379K, capacity 12948K, committed 13056K, reserved 1060864K
  class space    used 1879K, capacity 1974K, committed 2048K, reserved 1048576K
}

