# JRE version: Java(TM) SE Runtime Environment (8.0_161-b12) (build 1.8.0_161-b12)
# Java VM: Java HotSpot(TM) 64-Bit Server VM (25.161-b12 mixed mode windows-amd64 compressed oops)
Heap:
 PSYoungGen      total 71168K, used 53118K [0x00000000eab00000, 0x00000000ef600000, 0x0000000100000000)
  eden space 66048K, 80% used [0x00000000eab00000,0x00000000ededfaf0,0x00000000eeb80000)
  from space 5120K, 0% used [0x00000000eeb80000,0x00000000eeb80000,0x00000000ef080000)
  to   space 5120K, 0% used [0x00000000ef080000,0x00000000ef080000,0x00000000ef580000)
 ParOldGen       total 41472K, used 34051K [0x00000000c0000000, 0x00000000c2880000, 0x00000000eab00000)
  object space 41472K, 82% used [0x00000000c0000000,0x00000000c2140ed8,0x00000000c2880000)
 Metaspace       used 12046K, capacity 12596K, committed 12800K, reserved 1062912K
  class space    used 1841K, capacity 1942K, committed 2048K, reserved 1048576K
GC Heap History (10 events):
Event: 12.454 GC heap before
{Heap before GC invocations=6 (full 1):
 PSYoungGen      total 71168K, used 71161K [0x00000000eab00000, 0x00000000ef600000, 0x0000000100000000)
  eden space 66048K, 100% used [0x00000000eab00000,0x00000000eeb80000,0x00000000eeb80000)
  from space 5120K, 99% used [0x00000000ef080000,0x00000000ef57e7a8,0x00000000ef580000)
  to   space 5120K, 0% used [0x00000000eeb80000,0x00000000eeb80000,0x00000000ef080000)
 ParOldGen       total 41472K, used 16953K [0x00000000c0000000, 0x00000000c2880000, 0x00000000eab00000)
  object space 41472K, 40% used [0x00000000c0000000,0x00000000c108e4a8,0x00000000c2880000)
 Metaspace       used 10280K, capacity 10698K, committed 11008K, reserved 1060864K
  class space    used 1576K, capacity 1667K, committed 1792K, reserved 1048576K
Event: 12.465 GC heap after
Heap after GC invocations=6 (full 1):
 PSYoungGen      total 71168K, used 5108K [0x00000000eab00000, 0x00000000ef600000, 0x0000000100000000)
  eden space 66048K, 0% used [0x00000000eab00000,0x00000000eab00000,0x00000000eeb80000)
  from space 5120K, 99% used [0x00000000eeb80000,0x00000000ef07d240,0x00000000ef080000)
  to   space 5120K, 0% used [0x00000000ef080000,0x00000000ef080000,0x00000000ef580000)
 ParOldGen       total 41472K, used 23058K [0x00000000c0000000, 0x00000000c2880000, 0x00000000eab00000)
  object space 41472K, 55% used [0x00000000c0000000,0x00000000c1684848,0x00000000c2880000)
 Metaspace       used 10280K, capacity 10698K, committed 11008K, reserved 1060864K
  class space    used 1576K, capacity 1667K, committed 1792K, reserved 1048576K
}
Event: 12.529 GC heap before
{Heap before GC invocations=7 (full 1):
 PSYoungGen      total 71168K, used 70585K [0x00000000eab00000, 0x00000000ef600000, 0x0000000100000000)
  eden space 66048K, 99% used [0x00000000eab00000,0x00000000eeaf1340,0x00000000eeb80000)
  from space 5120K, 99% used [0x00000000eeb80000,0x00000000ef07d240,0x00000000ef080000)
  to   space 5120K, 0% used [0x00000000ef080000,0x00000000ef080000,0x00000000ef580000)
 ParOldGen       total 41472K, used 23058K [0x00000000c0000000, 0x00000000c2880000, 0x00000000eab00000)
  object space 41472K, 55% used [0x00000000c0000000,0x00000000c1684848,0x00000000c2880000)
 Metaspace       used 10280K, capacity 10698K, committed 11008K, reserved 1060864K
  class space    used 1576K, capacity 1667K, committed 1792K, reserved 1048576K
Event: 12.540 GC heap after
Heap after GC invocations=7 (full 1):
 PSYoungGen      total 71168K, used 5113K [0x00000000eab00000, 0x00000000ef600000, 0x0000000100000000)
  eden space 66048K, 0% used [0x00000000eab00000,0x00000000eab00000,0x00000000eeb80000)
  from space 5120K, 99% used [0x00000000ef080000,0x00000000ef57e7c8,0x00000000ef580000)
  to   space 5120K, 0% used [0x00000000eeb80000,0x00000000eeb80000,0x00000000ef080000)
 ParOldGen       total 41472K, used 32306K [0x00000000c0000000, 0x00000000c2880000, 0x00000000eab00000)
  object space 41472K, 77% used [0x00000000c0000000,0x00000000c1f8c858,0x00000000c2880000)
 Metaspace       used 10280K, capacity 10698K, committed 11008K, reserved 1060864K
  class space    used 1576K, capacity 1667K, committed 1792K, reserved 1048576K
}
Event: 12.540 GC heap before
{Heap before GC invocations=8 (full 2):
 PSYoungGen      total 71168K, used 5113K [0x00000000eab00000, 0x00000000ef600000, 0x0000000100000000)
  eden space 66048K, 0% used [0x00000000eab00000,0x00000000eab00000,0x00000000eeb80000)
  from space 5120K, 99% used [0x00000000ef080000,0x00000000ef57e7c8,0x00000000ef580000)
  to   space 5120K, 0% used [0x00000000eeb80000,0x00000000eeb80000,0x00000000ef080000)
 ParOldGen       total 41472K, used 32306K [0x00000000c0000000, 0x00000000c2880000, 0x00000000eab00000)
  object space 41472K, 77% used [0x00000000c0000000,0x00000000c1f8c858,0x00000000c2880000)
 Metaspace       used 10280K, capacity 10698K, committed 11008K, reserved 1060864K
  class space    used 1576K, capacity 1667K, committed 1792K, reserved 1048576K
Event: 12.681 GC heap after
Heap after GC invocations=8 (full 2):
 PSYoungGen      total 71168K, used 0K [0x00000000eab00000, 0x00000000ef600000, 0x0000000100000000)
  eden space 66048K, 0% used [0x00000000eab00000,0x00000000eab00000,0x00000000eeb80000)
  from space 5120K, 0% used [0x00000000ef080000,0x00000000ef080000,0x00000000ef580000)
  to   space 5120K, 0% used [0x00000000eeb80000,0x00000000eeb80000,0x00000000ef080000)
 ParOldGen       total 41472K, used 27467K [0x00000000c0000000, 0x00000000c2880000, 0x00000000eab00000)
  object space 41472K, 66% used [0x00000000c0000000,0x00000000c1ad2d38,0x00000000c2880000)
 Metaspace       used 10280K, capacity 10698K, committed 11008K, reserved 1060864K
  class space    used 1576K, capacity 1667K, committed 1792K, reserved 1048576K
}
Event: 13.026 GC heap before
{Heap before GC invocations=9 (full 2):
 PSYoungGen      total 71168K, used 66048K [0x00000000eab00000, 0x00000000ef600000, 0x0000000100000000)
  eden space 66048K, 100% used [0x00000000eab00000,0x00000000eeb80000,0x00000000eeb80000)
  from space 5120K, 0% used [0x00000000ef080000,0x00000000ef080000,0x00000000ef580000)
  to   space 5120K, 0% used [0x00000000eeb80000,0x00000000eeb80000,0x00000000ef080000)
 ParOldGen       total 41472K, used 27467K [0x00000000c0000000, 0x00000000c2880000, 0x00000000eab00000)
  object space 41472K, 66% used [0x00000000c0000000,0x00000000c1ad2d38,0x00000000c2880000)
 Metaspace       used 12012K, capacity 12576K, committed 12800K, reserved 1062912K
  class space    used 1839K, capacity 1940K, committed 2048K, reserved 1048576K
Event: 13.041 GC heap after
Heap after GC invocations=9 (full 2):
 PSYoungGen      total 71168K, used 5114K [0x00000000eab00000, 0x00000000ef600000, 0x0000000100000000)
  eden space 66048K, 0% used [0x00000000eab00000,0x00000000eab00000,0x00000000eeb80000)
  from space 5120K, 99% used [0x00000000eeb80000,0x00000000ef07e8f8,0x00000000ef080000)
  to   space 5120K, 0% used [0x00000000ef080000,0x00000000ef080000,0x00000000ef580000)
 ParOldGen       total 41472K, used 40360K [0x00000000c0000000, 0x00000000c2880000, 0x00000000eab00000)
  object space 41472K, 97% used [0x00000000c0000000,0x00000000c276a008,0x00000000c2880000)
 Metaspace       used 12012K, capacity 12576K, committed 12800K, reserved 1062912K
  class space    used 1839K, capacity 1940K, committed 2048K, reserved 1048576K
}
Event: 13.041 GC heap before
{Heap before GC invocations=10 (full 3):
 PSYoungGen      total 71168K, used 5114K [0x00000000eab00000, 0x00000000ef600000, 0x0000000100000000)
  eden space 66048K, 0% used [0x00000000eab00000,0x00000000eab00000,0x00000000eeb80000)
  from space 5120K, 99% used [0x00000000eeb80000,0x00000000ef07e8f8,0x00000000ef080000)
  to   space 5120K, 0% used [0x00000000ef080000,0x00000000ef080000,0x00000000ef580000)
 ParOldGen       total 41472K, used 40360K [0x00000000c0000000, 0x00000000c2880000, 0x00000000eab00000)
  object space 41472K, 97% used [0x00000000c0000000,0x00000000c276a008,0x00000000c2880000)
 Metaspace       used 12012K, capacity 12576K, committed 12800K, reserved 1062912K
  class space    used 1839K, capacity 1940K, committed 2048K, reserved 1048576K
Event: 13.212 GC heap after
Heap after GC invocations=10 (full 3):
 PSYoungGen      total 71168K, used 0K [0x00000000eab00000, 0x00000000ef600000, 0x0000000100000000)
  eden space 66048K, 0% used [0x00000000eab00000,0x00000000eab00000,0x00000000eeb80000)
  from space 5120K, 0% used [0x00000000eeb80000,0x00000000eeb80000,0x00000000ef080000)
  to   space 5120K, 0% used [0x00000000ef080000,0x00000000ef080000,0x00000000ef580000)
 ParOldGen       total 41472K, used 34051K [0x00000000c0000000, 0x00000000c2880000, 0x00000000eab00000)
  object space 41472K, 82% used [0x00000000c0000000,0x00000000c2140ed8,0x00000000c2880000)
 Metaspace       used 12012K, capacity 12576K, committed 12800K, reserved 1062912K
  class space    used 1839K, capacity 1940K, committed 2048K, reserved 1048576K
}

